
Target ==> shopify.com

Searching in the Crtsh database API... 🔍
Searching in the CertSpotter API... 🔍
Searching in the Sublist3r API... 🔍
Searching in the Threatcrowd API... 🔍
Searching in the Urlscan.io API... 🔍
Searching in the AnubisDB API... 🔍
Searching in the Threatminer API... 🔍
Searching in the Archive.org API... 🔍


daynext.shopify.com
beastmodeabusiness.shopify.com
smtp3381.shopify.com
shops.shopify.com
23-227-35-174.shopify.com
g.ssl.shopify.com
23-227-33-219.shopify.com
24.shopify.com
179.shopify.com
23-227-35-119.shopify.com
fund.shopify.com
aisling.shopify.com
107.shopify.com
maskins-smtp3870.shopify.com
eurotour.shopify.com
229.shopify.com
irl.shopify.com
r.ssl.shopify.com
90a646266db314.shopify.com
125.shopify.com
cselb.cs.shopify.com
116.shopify.com
upcoming-pi60.shopify.com
smtp3654.shopify.com
bcs.shopify.com
175.shopify.com
kevin-testing.ec2.shopify.com
upcoming-qyx0.shopify.com
auth.data.shopify.com
afterhours.shopify.com
smtp3798.shopify.com
log4.ash.shopify.com
launch.shopify.com
110.shopify.com
somethingorother.shopify.com
s3.shopify.com
localsession.shopify.com
presto.data.shopify.com
sourcing-core.shopify.com
snapify.shopify.com
nomee6.shopify.com
datastories.shopify.com
forums-app1.ec2.shopify.com
e6f55e4.shopify.com
193.shopify.com
smtp3466.shopify.com
136.shopify.com
smtp3308.shopify.com
invoices.shopify.com
khanbot.shopify.com
tattookitsaustralia.shopify.com
248.shopify.com
928597e2.shopify.com
vault.shopify.com
beta.help.shopify.com
23-227-36-200.shopify.com
console1.toronto.shopify.com
206.shopify.com
facemaskpro23-227-35-73.shopify.com
156.shopify.com
119.shopify.com
gauntlet.shopify.com
kafka-staging01.ec2.shopify.com
23-227-36-227.shopify.com
23-227-34-124.shopify.com
dwellinghaven.shopify.com
upcoming10.shopify.com
23-227-36-175.shopify.com
qtijara.shopify.com
boaltgallery-com.shopify.com
naturevana.shopify.com
d.ssl.shopify.com
171.shopify.com
experiments.shopify.com
236.shopify.com
000244.shopify.com
scroll.shopify.com
ece1cecb-801e-4a57-a843-e28b5006b400.shopify.com
upcoming18.shopify.com
spq4d2n0.shopify.com
smtp3358.shopify.com
crafted.shopify.com
newhelp.shopify.com
23-227-36-245.shopify.com
wiki.shopify.com
smtp3220.shopify.com
br.shopify.com
160.shopify.com
coronal2.shopify.com
torontoretailtour.shopify.com
lbperf3.ash.shopify.com
215.shopify.com
7-35-99.shopify.com
157.shopify.com
smtp3111.shopify.com
roundtrip-boomerangs.shopify.com
shopmela2.shopify.com
142.shopify.com
upcoming25.shopify.com
23-227-35-38.shopify.com
pursuit.shopify.com
ns3.shopify.com
facemaskpro-smtp3462.shopify.com
sourcing-supplier.shopify.com
7-35-35.shopify.com
commsvsrvbarracuda.shopify.com
unite.shopify.com
15.shopify.com
weareopen.shopify.com
105.nat.ash.shopify.com
comv.shopify.com
static4.shopify.com
upcoming2.shopify.com
243.shopify.com
smtp3852.shopify.com
l.ssl.shopify.com
smtp376.shopify.com
devs.shopify.com
facemaskprosmtp391.shopify.com
120.shopify.com
sourcing.shopify.com
ssl2.shopify.com
damian-znc.ec2.shopify.com
23-227-36-138.shopify.com
03.shopify.com
23-227-36-202.shopify.com
sl.shopify.com
competition.shopify.com
merchant-feedback.shopify.com
23-227-34-174.shopify.com
23-227-34-220.shopify.com
maskins96.shopify.com
locality.shopify.com
sept-upcoming9.shopify.com
us-east-1-cselb.cs.shopify.com
23-227-34-196.shopify.com
cdn.shopify.com
mta3.email.shopify.com
203.shopify.com
26.shopify.com
maskinssmtp3167.shopify.com
core.shopify.com
smtp3943.shopify.com
overseer.data.shopify.com
vaultapp1.ec2.shopify.com
upcoming12.shopify.com
www.ux.shopify.com
incoming.shopify.com
compass.shopify.com
theme-42.shopify.com
america.shopify.com
northcarolina.shopify.com
nexus.shopify.com
talent.shopify.com
smtp3981.shopify.com
27.shopify.com
q.ssl.shopify.com
stagingapp6.ec2.shopify.com
219.shopify.com
apps.shopify.com
mail-relay.shopify.com
smtp321.shopify.com
131.shopify.com
23-227-36-221.shopify.com
23-227-36-165.shopify.com
p.ssl.shopify.com
acceleration.shopify.com
232.shopify.com
cdn.shopify.comcdn.shopify.com
smtp5.shopify.com
23-227-36-146.shopify.com
23-227-36-66.shopify.com
11.shopify.com
201.shopify.com
214.shopify.com
locutus5.ec2.shopify.com
113.shopify.com
smtp3678.shopify.com
smtp3418.shopify.com
166.shopify.com
smtp3789.shopify.com
babb-academy.shopify.com
smtp3185.shopify.com
333f727b-802e-4240-92d1-ea0d09783747.shopify.com
104.nat.ash.shopify.com
tashboard.shopify.com
ns2.shopify.com
150.shopify.com
17.shopify.com
polaris-icons.shopify.com
m.shopify.com
234.shopify.com
discover.data.shopify.com
shopclass.shopify.com
190.shopify.com
v.shopify.com
upcoming16.shopify.com
23-227-36-130.shopify.com
adws.shopify.com
facemaskpro-2014.shopify.com
unicorn.shopify.com
104.shopify.com
23-227-38-68.shopify.com
smtp3982.shopify.com
23-227-34-32.shopify.com
12.shopify.com
98.nat.ash.shopify.com
events.shopify.com
mascara.shopify.com
1-ca.shopify.com
238.shopify.com
motostore-3.shopify.com
23-227-33-45.shopify.com
ec3.shopify.com
202.shopify.com
7-35-76.shopify.com
148.shopify.com
28.shopify.com
ir.shopify.com
cardreader.shopify.com
refill-media123.shopify.com
dk.shopify.com
talkingshop-test.shopify.com
logs.shopify.com
docs.shopify.com
i.ssl.shopify.com
facemaskpro-23-227-34-239.shopify.com
flexcatherine.shopify.com
23-227-36-157.shopify.com
lbperf2.ash.shopify.com
smtp3.shopify.com
volarelife365.shopify.com
amazon-ads.shopify.com
127.shopify.com
antzara.shopify.com
lb-perf2.ash.shopify.com
0.shopify.com
23-227-36-13.shopify.com
verbadinea.shopify.com
01.shopify.com
arb.shopify.com
www.smarter-tv.shopify.com
172.shopify.com
aaastatic.shopify.com
9e7b39e5233.shopify.com
app-store-staging3.shopify.com
exchange-help.shopify.com
nursvsrvbarracuda.shopify.com
static1.shopify.com
23-227-35-233.shopify.com
webdav.shopify.com
exchange-staging.shopify.com
maskins95.shopify.com
imap4.shopify.com
16.shopify.com
pay.shopify.com
upcoming22.shopify.com
v200.ae2.br.hy094.chi2.shopify.com
209.shopify.com
supportapp.shopify.com
chat.shopify.com
mask7.shopify.com
beyondthebuild.shopify.com
support.shopify.com
103.nat.ash.shopify.com
checkout.shopify.com
kapua01.shopify.com
23-227-33-139.shopify.com
developers.shopify.com
20.shopify.com
smtp31000.shopify.com
110.nat.ash.shopify.com
208.shopify.com
in.shopify.com
h.ssl.shopify.com
ssl.shopify.com
facemaskpro23-227-33-165.shopify.com
demo-shopify-oautcorona.shopify.com
investor.shopify.com
128.shopify.com
812784ef-e99f-4eb6-8833-e6ec04b30a07.shopify.com
212.shopify.com
23-227-36-145.shopify.com
feeds.shopify.com
smtp3989.shopify.com
talkingshop.shopify.com
www.partner-training.shopify.com
smtp3977.shopify.com
www1.shopify.com
cdn3.shopify.com
interviewing.shopify.com
29.shopify.com
231.shopify.com
polaris.shopify.com
123.shopify.com
115.shopify.com
log1.ash.shopify.com
smtp3575.shopify.com
23-227-36-140.shopify.com
sourcing-admin.shopify.com
220.shopify.com
245.shopify.com
158.shopify.com
services.shopify.com
remember-me.shopify.com
138.shopify.com
blog.shopify.com
161.shopify.com
icinga.ash.shopify.com
campus2.shopify.com
supporthiring.shopify.com
smtp320.shopify.com
23-227-36-241.shopify.com
brochure.shopify.com
14.shopify.com
static0.shopify.com
137.shopify.com
upcoming20.shopify.com
23-227-37-137.shopify.com
23-227-36-247.shopify.com
23-227-36-180.shopify.com
ns1.shopify.com
23-227-34-205.shopify.com
109.nat.ash.shopify.com
smtp3669.shopify.com
annawiest.shopify.com
23-227-33-120.shopify.com
196.shopify.com
apt.shopify.com
dev-shops.shopify.com
211.shopify.com
sni90541.shopify.com
ihatewhatever.shopify.com
smtp2.shopify.com
sunwd.shopify.com
bayanmaskara.shopify.com
23-227-35-15.shopify.com
smtp3353.shopify.com
unionstation.shopify.com
o.ssl.shopify.com
unitestore.shopify.com
3littlemaids.shopify.com
044422413.shopify.com
gurulandia.shopify.com
ready4guruland.shopify.com
upcoming8.shopify.com
photos.shopify.com
smtp3356.shopify.com
200.shopify.com
news.shopify.com
windsor.shopify.com
7-35-39.shopify.com
unite-registration.shopify.com
smtp3193.shopify.com
twominutetutorials.shopify.com
accounts.shopify.com
tim-exclusive.shopify.com
click.email.shopify.com
la.shopify.com
2fcdn2.shopify.com
newsletter.shopify.com
upcoming4.shopify.com
upcoming19.shopify.com
ww.shopify.com
budget.shopify.com
q2.shopify.com
corona8.shopify.com
b06fb83a846.shopify.com
23-227-36-236.shopify.com
commerceplus.shopify.com
109.shopify.com
smtp3521.shopify.com
log3.ash.shopify.com
f3909da4e6787a.shopify.com
141.shopify.com
7-35-75.shopify.com
smtp4.shopify.com
mcd-www2.shopify.com
145.shopify.com
182.shopify.com
qr.shopify.com
132.shopify.com
ux.shopify.com
217.shopify.com
cla.shopify.com
site.email.shopify.com
ipad-pos.shopify.com
183.shopify.com
webinar-sept-30.shopify.com
168.shopify.com
100.shopify.com
224.shopify.com
talkingshop-acc.shopify.com
unite2021.shopify.com
c35b3dc362f1.shopify.com
126.shopify.com
smtp3871.shopify.com
market.shopify.com
shanestest.shopify.com
north.shopify.com
smtp3518.shopify.com
153.shopify.com
contest.shopify.com
my.shopify.com
152.shopify.com
155.shopify.com
247.shopify.com
upcoming15.shopify.com
23-227-36-206.shopify.com
pt.shopify.com
111.nat.ash.shopify.com
199.shopify.com
1.shopify.com
shopify-plus-meet-up.shopify.com
www.academy.shopify.com
225.shopify.com
community-stage.shopify.com
aap.shopify.com
23-227-34-219.shopify.com
icinga.chi2.shopify.com
enterprise.plus.shopify.com
stockroom.shopify.com
ext.log3.ash.shopify.com
b.ssl.shopify.com
apm.shopify.com
smtp3827.shopify.com
doggocorp.shopify.com
180.shopify.com
23-227-34-194.shopify.com
rb.shopify.com
smtp3150.shopify.com
shopify.com
mta.email.shopify.com
portal.shopify.com
academy.shopify.com
cloudfront-recruiting2.shopify.com
slapshot.shopify.com
launchpad.shopify.com
2010.shopify.com
250.shopify.com
144.shopify.com
233.shopify.com
james-jockeys-goodness.shopify.com
23.shopify.com
smtp3676.shopify.com
114.shopify.com
smtp3222.shopify.com
e.ssl.shopify.com
store.shopify.com
goochapparel.shopify.com
it.shopify.com
themes.shopify.com
smtp3338.shopify.com
23-227-34-239.shopify.com
hatchful.shopify.com
196-192.shopify.com
upcoming23.shopify.com
research.shopify.com
wangtopia.shopify.com
login.community-stage.shopify.com
experts.shopify.com
dev.shopify.com
173.shopify.com
130.shopify.com
acconts.shopify.com
upcoming9.shopify.com
167.shopify.com
ec1.shopify.com
1011.shopify.com
2.shopify.com
www.shopify.com
147.shopify.com
alpha.shopify.com
210.shopify.com
couture-14.shopify.com
13.shopify.com
246.shopify.com
merchandise.shopify.com
upcoming17.shopify.com
smarter-tv.shopify.com
c.ssl.shopify.com
thescroll.shopify.com
meetup.shopify.com
sound-pro-tech.shopify.com
23-227-36-191.shopify.com
tantra-444.shopify.com
secops01.ec2.shopify.com
themes-staging.shopify.com
23-227-35-242.shopify.com
smtp3495.shopify.com
search.shopify.com
216.shopify.com
129-85.shopify.com
northamerica-app-store-staging2.shopify.com
197.shopify.com
win.shopify.com
galway.shopify.com
169.shopify.com
smtp3691.shopify.com
imjusttesting8.shopify.com
static3.shopify.com
upcoming21.shopify.com
canada.shopify.com
commerceawards.shopify.com
7-36-131.shopify.com
dns.ash.shopify.com
facemaskpro23-227-34-147.shopify.com
smtp35.shopify.com
m.ssl.shopify.com
smtp3426.shopify.com
giftclub03.shopify.com
analytics.shopify.com
222.shopify.com
184.shopify.com
v200.ae2.br.hx094.chi2.shopify.com
shopoca.shopify.com
partners.shopify.com
csp.shopify.com
projectboard.shopify.com
121.shopify.com
forumsapp1.ec2.shopify.com
meetups.shopify.com
polaris-v2.shopify.com
polaris-rails.shopify.com
engimastatic4.shopify.com
static.shopify.com
112.shopify.com
smtp3345.shopify.com
102.nat.ash.shopify.com
ahmedstore.shopify.com
status.shopify.com
smtp346.shopify.com
banuba-live-selfie-filters-and-face-masks-camera.shopify.com
login.community.shopify.com
funny.shopify.com
smtp3217.shopify.com
hardware.shopify.com
cdn2.shopify.com
burst.shopify.com
23-227-38-70.shopify.com
colors-of-aurora-2.shopify.com
cs.staging.shopify.com
polaris-storybook.shopify.com
lb-perf3.ash.shopify.com
221.shopify.com
f72cc0cc-0fd4-4f4c-83a0-7e380b5e0b6a.shopify.com
smtp3616.shopify.com
ext.log4.ash.shopify.com
z.ssl.shopify.com
mym25.shopify.com
internalhardwarerental.shopify.com
242.shopify.com
livechat.shopify.com
engineering.shopify.com
smtp3978.shopify.com
99.nat.ash.shopify.com
facemaskpro-2013.shopify.com
7cdn2.shopify.com
230.shopify.com
staging-app6.ec2.shopify.com
186.shopify.com
timber.shopify.com
mx.shopify.com
upcoming.shopify.com
jackistesting.shopify.com
25.shopify.com
105.shopify.com
stevenessus-test.ec2.shopify.com
store.smarter-tv.shopify.com
177.shopify.com
changelog.shopify.com
140.shopify.com
facemaskprosmtp3401.shopify.com
103.shopify.com
exchange.shopify.com
23-227-36-143.shopify.com
228.shopify.com
k.ssl.shopify.com
tala-botanica.shopify.com
23-227-36-141.shopify.com
21.shopify.com
people-analytics.data.shopify.com
redirectify.shopify.com
authme.shopify.com
upcoming24.shopify.com
urlcdn.shopify.com
console1.mgmt.toronto.shopify.com
smtp3734.shopify.com
244.shopify.com
api.shopify.com
consultant-launch.shopify.com
7-36-239.shopify.com
smtp33.shopify.com
cname.shopify.com
97.nat.ash.shopify.com
spf1.shopify.com
my-dahlia.shopify.com
100.nat.ash.shopify.com
modestshopla.shopify.com
partner-training.shopify.com
23-227-33-36.shopify.com
smtp3773.shopify.com
165.shopify.com
adaywithshopify.shopify.com
datura.shopify.com
23-227-36-166.shopify.com
mobile.shopify.com
237.shopify.com
23-227-36-233.shopify.com
108.shopify.com
gothicfarmer.shopify.com
lifehacks.shopify.com
smtp.shopify.com
046.shopify.com
merch.shopify.com
rndsummit.shopify.com
plus.shopify.com
ext.log2.ash.shopify.com
www.burst.shopify.com
developer.shopify.com
205.shopify.com
partner.shopify.com
sl2.shopify.com
help.shopify.com
wholesale.shopify.com
upcoming7.shopify.com
lima.shopify.com
23-227-36-208.shopify.com
lbperf1.ash.shopify.com
vpnify.tableau.data.shopify.com
flwca.shopify.com
boukeisdope.shopify.com
facemaskpro-dev1.shopify.com
5154320.shopify.com
188.shopify.com
v-ca.shopify.com
pin.shopify.com
118.shopify.com
n.shopify.com
anothershop.shopify.com
23-227-36-217.shopify.com
smtp3949.shopify.com
everest-staging1.shopify.com
community.shopify.com
n.ssl.shopify.com
gussieduponline.shopify.com
colourdecoded.shopify.com
recruiting.shopify.com
135.shopify.com
smtp371.shopify.com
smtp3744.shopify.com
view.email.shopify.com
187.shopify.com
www.exchange.shopify.com
smtp3344.shopify.com
278ed25fef216.shopify.com
upcoming14.shopify.com
207.shopify.com
static2.shopify.com
sessions.shopify.com
facemaskprossl2.shopify.com
recruiting2.shopify.com
101.nat.ash.shopify.com
154.shopify.com
23-227-36-232.shopify.com
us-west-2-cselb.cs.shopify.com
nycmetrogirl1.shopify.com
oob.toronto.shopify.com
amazon.shopify.com
slow-north-2.shopify.com
181.shopify.com
smtp3188.shopify.com
23-227-34-192.shopify.com
tableau-dev.data.shopify.com
jaxn.shopify.com
23-227-34-161.shopify.com
tableau.data.shopify.com
fieldsofmoringa.shopify.com
smtp3810.shopify.com
facemaskprosmtp3551.shopify.com
flora1761.shopify.com
pointofsale.shopify.com
smtp3401.shopify.com
facemaskpro-smtp349.shopify.com
modernomania.shopify.com
s.ssl.shopify.com
2015.shopify.com
bogdan.shopify.com
upcoming5.shopify.com
origin.www.shopify.com
226.shopify.com
mta4.email.shopify.com
smtp3402.shopify.com
102.shopify.com
9bf62.shopify.com
upcoming3.shopify.com
designisfun.shopify.com
111.shopify.com
176.shopify.com
23-227-33-17.shopify.com
7-35-58.shopify.com
smtp3487.shopify.com
vision.shopify.com
149.shopify.com
192.shopify.com
241.shopify.com
ec2.shopify.com
159.shopify.com
marketplace.shopify.com
101.shopify.com
classifieds.shopify.com
146.shopify.com
myenja.shopify.com
151.shopify.com
expert.shopify.com
163.shopify.com
next.shopify.com
smtp3538.shopify.com
106.shopify.com
23-227-36-156.shopify.com
forums.shopify.com
maschera.shopify.com
213.shopify.com
93.shopify.com
kiersten.shopify.com
249.shopify.com
96.nat.ash.shopify.com
v.shopify.comv.shopify.com
23-227-38-71.shopify.com
204.shopify.com
c.email.plus.shopify.com
pandemic2.shopify.com
data.shopify.com
139.shopify.com
store2.shopify.com
open.shopify.com
smtp3331.shopify.com
upcoming6.shopify.com
178.shopify.com
careers.shopify.com
195.shopify.com
smtp335.shopify.com
levelwear-2.shopify.com
smtp3627.shopify.com
239.shopify.com
plumberama.shopify.com
pool451.shopify.com
pins.shopify.com
newsroom.shopify.com
22.shopify.com
facemaskpro23-227-34-228.shopify.com
chi.shopify.com
datastories-staging.shopify.com
nexotica.shopify.com
theluxurystore.shopify.com
security.shopify.com
124.shopify.com
app-store-staging.shopify.com
brazilsmtp3.shopify.com
summit2018.shopify.com
134.shopify.com
143.shopify.com
contracts.shopify.com
log2.ash.shopify.com
223.shopify.com
smtp3976.shopify.com
f.ssl.shopify.com
170.shopify.com
es.shopify.com
23-227-38-32.shopify.com
lb-perf1.ash.shopify.com
theme-36.shopify.com
mta2.email.shopify.com
tableau-staging.data.shopify.com
fr.shopify.com
press.shopify.com
23-227-36-184.shopify.com
catherineisawesome.shopify.com
164.shopify.com
image.email.shopify.com
23-227-38-69.shopify.com
106.nat.ash.shopify.com
j.ssl.shopify.com
ext.log1.ash.shopify.com
23-227-36-168.shopify.com
162.shopify.com
truma.shopify.com
projectruru.shopify.com
23-227-34-109.shopify.com
mask12.shopify.com
it-2.shopify.com
227.shopify.com
shane.shopify.com
189.shopify.com
ns4.shopify.com
maskins-machine2.shopify.com
129.shopify.com
maskerna.shopify.com
smtp3439.shopify.com
welovekombucha.shopify.com
austria.shopify.com
upcoming-we84.shopify.com
internalhardwarerental-15.shopify.com
235.shopify.com
claadmin1.shopify.com
133.shopify.com
174.shopify.com
smtp3299.shopify.com
ecommerce.shopify.com
investors.shopify.com
sonr.shopify.com
smtp38.shopify.com
185.shopify.com
smtp3568.shopify.com
web4382.shopify.com
122.shopify.com
facebook.shopify.com
198.shopify.com
ru.shopify.com
huboard.shopify.com
smiley.shopify.com
18.shopify.com
web3979.shopify.com
061.shopify.com
catherinefivepillars.shopify.com
191.shopify.com
108.nat.ash.shopify.com
shop.shopify.com
m9.shopify.com
web1.shopify.com
intern-launch.shopify.com
catherineomc.shopify.com
shanetoole.shopify.com
toronto.shopify.com
s.shopify.com
sugarpack.shopify.com
netra.shopify.com
218.shopify.com
smtp3319.shopify.com
david.shopify.com
240.shopify.com
upcoming11.shopify.com
dn.shopify.com
tmt.shopify.com
app.shopify.com
classifieds13.shopify.com
moonandlola.shopify.com
cs.shopify.com
23-227-38-97.shopify.com
nikaea.shopify.com
19.shopify.com
hi.shopify.com
23-227-36-214.shopify.com
plusinfo.shopify.com
107.nat.ash.shopify.com
sylviaqsierra.shopify.com
canada.analytics.shopify.com
194.shopify.com
datavpn.ec2.shopify.com
117.shopify.com
hiringtour.shopify.com
upcoming13.shopify.com
reportcenter.shopify.com

Job finished in 10 seconds.

Good luck Hax0r 💀!

Rate limit set to 5 seconds, waiting to start next enumeration.

Target ==> shopifykloud.com

Searching in the CertSpotter API... 🔍
Searching in the Crtsh database API... 🔍
Searching in the Sublist3r API... 🔍
Searching in the Threatcrowd API... 🔍
Searching in the AnubisDB API... 🔍
Searching in the Urlscan.io API... 🔍
Searching in the Threatminer API... 🔍
Searching in the Archive.org API... 🔍


alysha-test-upgrade.playground.shopifykloud.com
amp-pos-stg.flink.shopifykloud.com
lead-streaming-service-staging.flink.shopifykloud.com
shs5.playground.yarn.shopifykloud.com
panama.pansta-data-exp-us-central1-1.k8s-exp.shopifykloud.com
amp-shop.flink.shopifykloud.com
presto-gateway.playground.shopifykloud.com
presto-production-monorail-a.shopify-data-presto-global.shopifykloud.com
google-analytics-staging-flin-cddkz6ig-data-flink-us-central1-2.flink.shopifykloud.com
bfcm-globe-cricket-relay-east-fl-hlpvef5d-data-flink-us-east1-1.flink.shopifykloud.com
superset.staging.tools.k8s-exp.shopifykloud.com
alan-azkaban-web.azkaban.shopifykloud.com
refinery-azkaban-2-web.data-acq.shopifykloud.com
affiliate-signal-trickle-production.flink.shopifykloud.com
production.notebooks.shopifykloud.com
api.dev.druid.shopifykloud.com
flower.canada.airflow.shopifykloud.com
adhoc-test-coordinator.presto.shopifykloud.com
datagrip-license-server.apps.shopifykloud.com
kafka-yarn-oauth-proxy.data-acq.shopifykloud.com
instance-2.playground.shopifykloud.com
web.druid-staging-us-central1-1.staging.druid.shopifykloud.com
hive-metastore.data-acq.shopifykloud.com
druid-general-druid-router-ingress-druid-dev-us-central1-1.dev.druid.shopifykloud.com
bfcm-globe-products-staging-central.flink.shopifykloud.com
sam.dataproc-test.playground.yarn.shopifykloud.com
ax-presto-test.playground.shopifykloud.com
streaming-sales-model-staging-lat.flink.shopifykloud.com
vpnify.starscream-adhoc.yarn.shopifykloud.com
api.druid-mdm-us-central1-1.mdm.druid.shopifykloud.com
presto-gateway.playground.yarn.shopifykloud.com
hue.longboat.yarn-adhoc.starscream-adhoc.yarn.shopifykloud.com
sample-wc.flink.shopifykloud.com
test-presto.data-acq.shopifykloud.com
cm-druid-dev-us-east4-1.dev.druid.shopifykloud.com
web.mdm.druid.shopifykloud.com
rai-server-gin.shopify-data-yap-experiment.shopifykloud.com
web.mdm.global.druid.shopifykloud.com
fast-monorail.shopify-data-presto-global.shopifykloud.com
presto-production-adhoc-b-presto-data-presto-us-central1-2.shopify-data-presto-global.shopifykloud.com
test-speedboat-yarn.data-acq.shopifykloud.com
benchmark-presto-upgrade.presto.shopifykloud.com
cm-druid-staging-us-east4-1.staging.druid.shopifykloud.com
console.alumina.shopifykloud.com
submarine-production-web-longboat-us-central1-1.data-acq.shopifykloud.com
vpnify.starscream-qa.yarn.shopifykloud.com
web.druid-global-us-central1-2.global.druid.shopifykloud.com
bfcm-globe-cricket-relay-central.flink.shopifykloud.com
panama-api.k8s-exp.shopifykloud.com
druid-druid-router-ingress-druid-dev-us-east1-1.dev.druid.shopifykloud.com
austen-test-tmp.shopify-data-presto-global.shopifykloud.com
presto-staging-metadata-presto-data-presto-us-central1-3.shopify-data-presto-global.shopifykloud.com
amp-grid-next.flink.shopifykloud.com
cm-longboat-na-ne1-1.data-acq-canada.shopifykloud.com
yarn-oauth-proxy-test.playground.shopifykloud.com
presto-production-metadata-b-presto-data-presto-us-central1-3.shopify-data-presto-global.shopifykloud.com
console.magnesia-adhoc.shopifykloud.com
hue.yarn-production.starscream.yarn.shopifykloud.com
commuter.notebooks.shopifykloud.com
presto-staging-fast-monorail-presto-data-presto-us-central1-3.shopify-data-presto-global.shopifykloud.com
marketing-event-sales-production.flink.shopifykloud.com
john.playground.shopifykloud.com
shs-yarn-qa.playground.yarn.shopifykloud.com
jason-test-tmp.shopify-data-presto-global.shopifykloud.com
bfcm-globe-cricket-relay-east.flink.shopifykloud.com
presto-conductor-production--rdceauky-data-presto-us-central1-3.shopify-data-presto-global.shopifykloud.com
amp-admin-multicurrency-stg.flink.shopifykloud.com
presto-conductor-staging-v2--7d776gzr-data-presto-us-central1-3.shopify-data-presto-global.shopifykloud.com
cm-airflow-na-ne1-1-prod.canada.airflow.shopifykloud.com
tunnel-cache-test-hive.shopifykloud.com
web.dev.druid.shopifykloud.com
api.druid-global-us-central1-2.global.druid.shopifykloud.com
cm-druid-dev-us-east1-1.dev.druid.shopifykloud.com
hue.starscream-qa.starscream-qa.yarn.shopifykloud.com
amplitude-production.flink.shopifykloud.com
main-hive-us-east1-b-data-148903.shopifykloud.com
cm-druid-staging-us-east1-1-prod.staging.druid.shopifykloud.com
server.pansta-data-exp-us-central1-1.k8s-exp.shopifykloud.com
jupyterhub-jupyterhub-data-notebooks-canada-na-ne-1.notebooks-canada.shopifykloud.com
cm-longboat-apps-us-central1-1-prod.data-acq.shopifykloud.com
druid-druid-router-api-ingress-druid-mdm-us-central1-1.mdm.druid.shopifykloud.com
hive-metastore.shopify-data-magnesia.shopifykloud.com
streaming-sales-model-slava-b.flink.shopifykloud.com
presto-production-adhoc-b.shopify-data-presto-global.shopifykloud.com
presto-adhoc.shopifykloud.com
presto-gateway-rewrite-data-presto-northamerica-northeast1-3.shopify-data-presto-canada.shopifykloud.com
oozie-oozie-test.dataproc-test.playground.shopifykloud.com
kahg.shopifykloud.com
speedboat-azkaban-staging-web.data-acq.shopifykloud.com
muto.presto.shopifykloud.com
graceful.playground.shopifykloud.com
refinery-presto.presto.shopifykloud.com
vpnify-test.playground.yarn.shopifykloud.com
console.alumina-staging.shopifykloud.com
test-saml-oauth.shopifykloud.com
mbrucetest-coordinator.presto.shopifykloud.com
blaketest.shopifykloud.com
presto-for-datachi.presto.shopifykloud.com
web.druid-dev-us-east1-1.dev.druid.shopifykloud.com
web.druid-dev-us-central1-1.dev.druid.shopifykloud.com
presto-adhoc-a.shopify-data-presto-canada.shopifykloud.com
hive-external-ro-patch.hive.shopifykloud.com
presto-production-scheduled-b-presto-data-presto-us-central1-3.shopify-data-presto-global.shopifykloud.com
autoscale-memory.presto.shopifykloud.com
andytest-coordinator.presto.shopifykloud.com
streaming-sales-model-staging-rcile.flink.shopifykloud.com
presto-apac-adhoc-a-presto-data-presto-asia-southeast1-1.shopify-data-presto-global.shopifykloud.com
web.general.us-east1.dev.druid.shopifykloud.com
api.druid-staging-us-central1-1.staging.druid.shopifykloud.com
oozie-starscream-qa.shopify-data-starscream-qa.shopifykloud.com
cm-druid-mdm-us-central1-1-prod.mdm.druid.shopifykloud.com
submarine.data-acq.shopifykloud.com
web.dev.airflow.shopifykloud.com
presto-production-exper-b.shopify-data-presto-global.shopifykloud.com
dls.datagrip-license-server.playground.shopifykloud.com
test-caching.shopify-data-presto-global.shopifykloud.com
turnilo.staging.global.druid.shopifykloud.com
test-migration-guide.flink.shopifykloud.com
hue-chets.dataproc-test.playground.yarn.shopifykloud.com
tableau-test-lb.tableau.shopifykloud.com
abandonment-pipeline-production.flink.shopifykloud.com
presto-production-adhoc-a.shopify-data-presto-global.shopifykloud.com
streaming-sales-model-slava-y.flink.shopifykloud.com
presto-apac.shopify-data-presto-global.shopifykloud.com
presto-conductor-apac-pr-w3aib7lp-data-presto-asia-southeast1-1.shopify-data-presto-global.shopifykloud.com
presto-load-2.presto.shopifykloud.com
cm-druid-mdm-us-east1-1.mdm.druid.shopifykloud.com
hue.yarn-qa.playground.yarn.shopifykloud.com
oozie-test.playground.yarn.shopifykloud.com
blake-presto1.presto-qa.shopifykloud.com
amp-inbox-stg.flink.shopifykloud.com
testing.k8s-exp.shopifykloud.com
amp-pos-next-stg.flink.shopifykloud.com
presto.data-accel.shopifykloud.com
spark-history.spark-adhoc.yarn.shopifykloud.com
scripts-pipeline-failure-staging.flink.shopifykloud.com
staging-refinery-azkaban-web.data-acq.shopifykloud.com
api.druid-global-us-east1-2.global.druid.shopifykloud.com
presto-patched-gcs.presto.shopifykloud.com
amp-pos-now-stg.flink.shopifykloud.com
hive-ms-iceberg.shopify-data-starscream-qa.shopifykloud.com
shs-test.starscream.yarn.shopifykloud.com
capital-algo-streaming-production.flink.shopifykloud.com
azkaban-web.playground.shopifykloud.com
data-acq.shopifykloud.com
vpnify.data-acq-canada.shopifykloud.com
oozie.shopify-data-yap-experiment.shopifykloud.com
blake-c.debug.playground.shopifykloud.com
presto-gateway-production-pr-cgork7r7-data-presto-us-central1-3.shopify-data-presto-global.shopifykloud.com
vpnify.shopify-data-cloud-infra.shopifykloud.com
ddm-test-azkaban-web.data-acq.shopifykloud.com
trickle-v2-examples-invent-staging.flink.shopifykloud.com
somesortaredirect.playground.shopifykloud.com
presto-for-datachi.presto.tunnel.shopifykloud.com
affiliate-signal-trickle-stag-dfnl5bo3-data-flink-us-central1-2.flink.shopifykloud.com
merchant-data-model-druid-r-f6yi5x62-druid-global-us-central1-1.global.druid.shopifykloud.com
turnilo.insights-sales.global.druid.shopifykloud.com
submarine-staging-web-longboat-us-central1-1.data-acq.shopifykloud.com
honeybee.shopify-data-presto-global.shopifykloud.com
test-azkaban-web.data-acq.shopifykloud.com
spark-history-server.k8s-exp.shopifykloud.com
presto-load.presto.shopifykloud.com
alysha-test.presto.shopifykloud.com
streaming-sales-model-kevin-tloc.flink.shopifykloud.com
russ-sp-reconciliation-staging.flink.shopifykloud.com
trickle-v2-examples-vendors-staging.flink.shopifykloud.com
amp-shopify-chat.flink.shopifykloud.com
presto-gateway-p-z5riloqp-data-presto-northamerica-northeast1-3.shopify-data-presto-canada.shopifykloud.com
presto-qa-211.presto-qa.shopifykloud.com
bfcm-globe-products-staging.flink.shopifykloud.com
hue.shopify-data-starscream-qa.shopifykloud.com
presto-production-starscream-a-presto-data-presto-us-central1-3.shopify-data-presto-global.shopifykloud.com
presto-testing-scheduled-a.k8s-exp.shopifykloud.com
shs-production-dataproc.starscream.yarn.shopifykloud.com
scrubbed-customer-info-staging.flink.shopifykloud.com
streaming-sales-model-kevin-lib.flink.shopifykloud.com
mt-shop-domain-production.flink.shopifykloud.com
sh-configur.starscream-adhoc.yarn.shopifykloud.com
presto-apac-adhoc-b.shopify-data-presto-global.shopifykloud.com
refinery-presto-cache.data-acq.shopifykloud.com
hive-for-datachi-hive.shopifykloud.com
console.magnesia-staging.shopifykloud.com
trickle-v2-examples-gcs-writer.flink.shopifykloud.com
presto-yandu-test.presto.shopifykloud.com
temp-sa.flink.shopifykloud.com
staging-speedboat-azkaban-web.data-acq.shopifykloud.com
k8s-exp.shopifykloud.com
ad-audience-sharing-log-staging.flink.shopifykloud.com
shopify-audience-gen-staging.flink.shopifykloud.com
marketing-event-sales-staging-red.flink.shopifykloud.com
druid-druid-router-ingress-druid-mdm-us-central1-1.mdm.druid.shopifykloud.com
streaming-sales-model-staging-json-raf.flink.shopifykloud.com
hue.magnesia-production.starscream-adhoc.yarn.shopifykloud.com
data-slt-tmp.shopify-data-presto-global.shopifykloud.com
dpe-cs-audience-gen-staging.flink.shopifykloud.com
web.staging.global.druid.shopifykloud.com
alan-test.hive.shopifykloud.com
refinery-azkaban-1-web.data-acq.shopifykloud.com
template-test.presto.shopifykloud.com
presto-testing.k8s-exp.shopifykloud.com
affiliate-signal-trickle-staging2.flink.shopifykloud.com
presto-starscream-a.shopify-data-presto-global.shopifykloud.com
hive-lb.shopifykloud.com
presto-testing-adhoc-a.k8s-exp.shopifykloud.com
magnesia.shopifykloud.com
presto-chet.k8s-exp.shopifykloud.com
test-email-engagement-staging.flink.shopifykloud.com
vpnify-test.starscream.yarn.shopifykloud.com
test-presto-ip.playground.shopifykloud.com
streaming-sales-model-staging-gcs-sink.flink.shopifykloud.com
proxy-gcs-test.shopifykloud.com
bfcm-globe-monorail-east-flink-ui-ingress-data-flink-us-east1-1.flink.shopifykloud.com
presto-no-keepalive.presto.shopifykloud.com
airflow-airflow-webserver-ingress-airflow-global-us-central1-1.global.airflow.shopifykloud.com
test-presto-upgrade.presto-qa.shopifykloud.com
hue.yarn-le.playground.yarn.shopifykloud.com
azkaban-test-4-web.data-acq.shopifykloud.com
streaming-sales-model-backfill-json.flink.shopifykloud.com
presto-starscream-b.shopify-data-presto-global.shopifykloud.com
metadata-b.shopify-data-presto-global.shopifykloud.com
presto-meastro.k8s-exp.shopifykloud.com
deploy-test.shopify-data-presto-global.shopifykloud.com
presto-gateway-testing-presto-gateway-data-exp-us-central1-1.k8s-exp.shopifykloud.com
test-examples-staging.flink.shopifykloud.com
presto-cluster.playground.shopifykloud.com
staging-kafka-azkaban-web.data-acq.shopifykloud.com
presto-testing-adhoc-b.k8s-exp.shopifykloud.com
atlas.shopifykloud.com
cm-longboat-na-ne1-1-prod.data-acq-canada.shopifykloud.com
conductor-staging-s.shopify-data-presto-global.shopifykloud.com
autoscale-memory-coordinator.presto.shopifykloud.com
presto-staging-exp-load.shopify-data-presto-global.shopifykloud.com
customer-email-events-staging.flink.shopifykloud.com
api.druid-dev-us-east1-1.dev.druid.shopifykloud.com
hue.starscream.playground.yarn.shopifykloud.com
pior.magnesia-staging.shopifykloud.com
presto-testing-adhoc-a-presto-data-exp-us-central1-1.k8s-exp.shopifykloud.com
hue-oauth.magnesia.shopifykloud.com
conductor-staging.shopify-data-presto-global.shopifykloud.com
trickle-v2-third-party-demo-staging.flink.shopifykloud.com
cm-data-exp-us-central1-1.k8s-exp.shopifykloud.com
inbox-analytics-staging.flink.shopifykloud.com
test-presto-2.data-acq.shopifykloud.com
api.staging.druid.shopifykloud.com
ad-audience-sharing-log-production.flink.shopifykloud.com
template-test-2.presto.shopifykloud.com
streaming-sales-model-backfill.flink.shopifykloud.com
identity-graph-staging.flink.shopifykloud.com
streaming-sales-model-staging-klam-mini.flink.shopifykloud.com
conductor-staging-server.k8s-exp.shopifykloud.com
oozie-dataproc.yarn-adhoc.starscream-adhoc.yarn.shopifykloud.com
cm-longboat-us-central1-2-prod.data-acq.shopifykloud.com
flower.dev.airflow.shopifykloud.com
conductor.shopify-data-presto-canada.shopifykloud.com
hue.dataproc-test.playground.yarn.shopifykloud.com
presto-conductor-staging-presto-h4vpnga7-data-exp-us-central1-1.k8s-exp.shopifykloud.com
email-engagement-v2-production.flink.shopifykloud.com
streaming-sales-model-bckfl1-staging.flink.shopifykloud.com
yarn-oauth.starscream.yarn.shopifykloud.com
cm-druid-global-us-east4-2-prod.global.druid.shopifykloud.com
presto.magnesia-staging.shopifykloud.com
third-party-impact-poc-staging.flink.shopifykloud.com
presto-seamster.shopify-data-presto-global.shopifykloud.com
hive-no-binlog-3.hive.shopifykloud.com
conductor-staging.k8s-exp.shopifykloud.com
cm-longboat-na-ne1-2-prod.data-acq-canada.shopifykloud.com
conductor-server.shopify-data-presto-canada.shopifykloud.com
adhoc.presto-canada.presto.shopifykloud.com
binaries.shopifykloud.com
presto-production-adhoc-a-presto-data-presto-us-central1-2.shopify-data-presto-global.shopifykloud.com
presto.k8s-exp.shopifykloud.com
presto.playground.shopifykloud.com
refinery-presto.data-acq.shopifykloud.com
conductor-server.shopify-data-presto-global.shopifykloud.com
saml-oauth.playground.shopifykloud.com
amp-grid-next-stg.flink.shopifykloud.com
metadata-transformer-staging.flink.shopifykloud.com
presto-sam-test.shopify-data-presto-global.shopifykloud.com
web.general.dev.druid.shopifykloud.com
presto-mo.playground.shopifykloud.com
cm-data-pepto-us-central1-1.shopify-data-pepto.shopifykloud.com
presto-test-sp.presto-qa.shopifykloud.com
streaming-sales-model-kevin.flink.shopifykloud.com
cm-druid-global-us-central1-2.global.druid.shopifykloud.com
spark-history.shopify-data-starscream-qa.shopifykloud.com
presto-production-seamster-b.shopify-data-presto-global.shopifykloud.com
cm-longboat-na-ne1-2.data-acq-canada.shopifykloud.com
spytest-tmp.shopify-data-presto-global.shopifykloud.com
hackdays-hpa.shopify-data-presto-global.shopifykloud.com
hive-metastore.magnesia-staging.shopifykloud.com
trickle-v2-examples-vend-production.flink.shopifykloud.com
vpnify-test2.playground.yarn.shopifykloud.com
yarn-oauth.starscream-adhoc.yarn.shopifykloud.com
druid-druid-router-api-ingress-druid-dev-us-east1-1.dev.druid.shopifykloud.com
streaming-sales-model-staging-pai.flink.shopifykloud.com
streaming-sales-model-staging-sql.flink.shopifykloud.com
hue.yarn-test.playground.yarn.shopifykloud.com
web.druid-mdm-us-central1-1.mdm.druid.shopifykloud.com
web.local-ssd.dev.druid.shopifykloud.com
vpnify.shopify-data-presto-canada.shopifykloud.com
rai-server.starscream-adhoc-canada.shopifykloud.com
cm-druid-global-us-central1-1.global.druid.shopifykloud.com
api.local-ssd.dev.druid.shopifykloud.com
honeybee-staging-honeybee-ingress-data-presto-us-central1-3.shopify-data-presto-global.shopifykloud.com
apps.shopifykloud.com
shs-adhoc.starscream-adhoc.yarn.shopifykloud.com
druid-test-tmp.shopify-data-presto-global.shopifykloud.com
presto-staging-joshm-cluster-presto-data-presto-us-central1-3.shopify-data-presto-global.shopifykloud.com
oozie-starscream-qa-oozie-starscream-qa-us-central1-2.shopify-data-starscream-qa.shopifykloud.com
andyhuetest.yarn-test.playground.yarn.shopifykloud.com
cm-longboat-us-central1-2.data-acq.shopifykloud.com
logs.magnesia-staging.shopifykloud.com
presto-scheduled-b.shopify-data-presto-global.shopifykloud.com
m-hue.yarn-production.starscream.yarn.shopifykloud.com
bfcm-products-east-production-fl-dyuak56j-data-flink-us-east1-1.flink.shopifykloud.com
presto-for-hdfs-stats.presto.shopifykloud.com
presto-staging-hpa-b.shopify-data-presto-global.shopifykloud.com
cm-druid-global-us-east4-2.global.druid.shopifykloud.com
presto-production-scheduled-a.shopify-data-presto-global.shopifykloud.com
ad-audience-staging.flink.shopifykloud.com
api.staging.arma.k8s-exp.shopifykloud.com
streaming-sales-model-slava-d.flink.shopifykloud.com
presto.starscream-canada.presto.shopifykloud.com
yarn-lb.shopifykloud.com
streaming-sales-model-staging.flink.shopifykloud.com
hive-main-test-external.shopifykloud.com
presto-scheduled.presto.shopifykloud.com
bfcm-globe-products-staging-east.flink.shopifykloud.com
mrhs-tunnel.playground.shopifykloud.com
amp-staging-oleg.flink.shopifykloud.com
scratch-auth-test-hive.shopifykloud.com
metadata-play-tmp.shopify-data-presto-global.shopifykloud.com
hue-sam.yarn-adhoc.starscream-adhoc.yarn.shopifykloud.com
andy-test-presto-2.presto.shopifykloud.com
hue.yarn-cluster.shopify-data-yap-experiment.shopifykloud.com
oozie-oozie-test.dataproc-test.playground.yarn.shopifykloud.com
cm-druid-staging-us-east1-1.staging.druid.shopifykloud.com
api.general.us-east1.dev.druid.shopifykloud.com
streaming-sales-model-kevin-dlog.flink.shopifykloud.com
blake-debug-c.debug.playground.shopifykloud.com
local.shopifykloud.com
api-druid.k8s-exp.shopifykloud.com
cname-test.presto.shopifykloud.com
alysha-test.playground.shopifykloud.com
speedboat-azkaban-web.data-acq-canada.shopifykloud.com
test-presto-204-benchmark.presto.shopifykloud.com
streaming-sales-model-prod-bckfl.flink.shopifykloud.com
kafka-yarn-oauth-proxy.playground.shopifykloud.com
vpnify.shopify-data-yap-experiment.shopifykloud.com
hue.starscream-adhoc.starscream-adhoc-canada.yarn.shopifykloud.com
conductor-apac.shopify-data-presto-global.shopifykloud.com
streaming-sales-model-slava-e.flink.shopifykloud.com
presto-conductor-production--s377plie-data-presto-us-central1-2.shopify-data-presto-global.shopifykloud.com
cm-data-exp-us-central1-1-prod.k8s-exp.shopifykloud.com
kafka-speedboat-azkaban-web.data-acq.shopifykloud.com
webui-rm2.yarn-oauth.yarn.shopifykloud.com
presto-maestro-presto-maestro-data-exp-us-central1-1.k8s-exp.shopifykloud.com
austen-oauth-tmp.shopify-data-presto-global.shopifykloud.com
hue.yarn-adhoc.starscream-adhoc.yarn.shopifykloud.com
cm-druid-global-us-central1-1-prod.global.druid.shopifykloud.com
hive-for-magnesia-adhoc.hive.shopifykloud.com
hive-m-test-hive.shopifykloud.com
vpnify.playground.yarn.shopifykloud.com
notify-test-tmp.shopify-data-presto-global.shopifykloud.com
shs-simple.starscream.yarn.shopifykloud.com
streaming-sales-model-staging-sol.flink.shopifykloud.com
cm-druid-mdm-us-east4-1.mdm.druid.shopifykloud.com
hive-qa.presto-qa.shopifykloud.com
presto-adhoc-b.shopify-data-presto-global.shopifykloud.com
minerva.playground.shopifykloud.com
amp-pos-channel.flink.shopifykloud.com
amp-metafields.flink.shopifykloud.com
streaming-sales-model-kevin-deps.flink.shopifykloud.com
presto-test.presto.shopifykloud.com
druid-druid-router-api-ingress-druid-mdm-us-east1-1.mdm.druid.shopifykloud.com
shs23.playground.yarn.shopifykloud.com
affiliate-signal-trickle-prod-atmsfhsr-data-flink-us-central1-2.flink.shopifykloud.com
api.druid-dev-us-central1-1.dev.druid.shopifykloud.com
api.mdm.druid.shopifykloud.com
presto-test.shopify-data-magnesia.shopifykloud.com
hue.starscream.starscream-pii.yarn.shopifykloud.com
presto-gateway.presto-qa.shopifykloud.com
tableau-oauth.tableau.shopifykloud.com
cef-load-testdata-central-stg.flink.shopifykloud.com
presto-adhoc-b.shopify-data-presto-canada.shopifykloud.com
streaming-sales-model-staging-gilda.flink.shopifykloud.com
presto-logging.shopify-data-presto-global.shopifykloud.com
presto-apac-adhoc-b-presto-data-presto-asia-southeast1-1.shopify-data-presto-global.shopifykloud.com
shop-prdt-impressions-user-hour-stg.flink.shopifykloud.com
test-presto.playground.shopifykloud.com
capital-algo-streaming-staging.flink.shopifykloud.com
shs.shopify-data-starscream-qa.shopifykloud.com
presto-qa.playground.shopifykloud.com
shipping-insights-staging.flink.shopifykloud.com
mode-staging.shopify-data-presto-global.shopifykloud.com
webui-rm2.yarn-adhoc.yarn.shopifykloud.com
presto-apac-adhoc-a.shopify-data-presto-global.shopifykloud.com
presto-starscream-qa-presto-starscream-qa-us-central1-2.shopify-data-starscream-qa.shopifykloud.com
presto-production-monorail-b.shopify-data-presto-global.shopifykloud.com
bfcm-globe-cricket-prod-backup.flink.shopifykloud.com
oauth-tunnel-yarn.shopify-data-starscream-qa.shopifykloud.com
prseto-cluster.presto-qa.shopifykloud.com
cdp-orderaggs-experiment-2.flink.shopifykloud.com
druid-druid-router-api-ingress-data-exp-us-central1-1.k8s-exp.shopifykloud.com
cm-druid-dev-us-central1-1-prod.dev.druid.shopifykloud.com
instance-3.playground.shopifykloud.com
test-kafka-logs-web.data-acq.shopifykloud.com
azkaban-test-web.playground.shopifykloud.com
hive.data-accel.shopifykloud.com
logs.alumina-staging.shopifykloud.com
panama-data-exp-us-central1-1.k8s-exp.shopifykloud.com
rai-ha.shopify-data-yap-experiment.shopifykloud.com
db-sources-azkaban-web.data-acq.shopifykloud.com
jupyterhub-jupyterhub-data-notebooks-staging.notebooks.shopifykloud.com
bfcm-products-east-production.flink.shopifykloud.com
presto.starscream-pii.presto.shopifykloud.com
random-presto-deployment.presto.shopifykloud.com
axels-test.shopify-data-presto-global.shopifykloud.com
email-engagement-production-f-pmt2uxuk-data-flink-us-central1-2.flink.shopifykloud.com
presto-patched.presto.shopifykloud.com
streaming-sales-model-staging-tuning.flink.shopifykloud.com
shs-oauth.shopify-data-starscream-qa.shopifykloud.com
hue.magnesia.shopifykloud.com
bfcm-globe-cricket-relay-cent-6hisfftc-data-flink-us-central1-2.flink.shopifykloud.com
fluentd-test.presto.shopifykloud.com
rai-server-dev.shopify-data-yap-experiment.shopifykloud.com
presto-1.playground.yarn.shopifykloud.com
streaming-sales-model-staging-no-dync.flink.shopifykloud.com
oozie-oauth.playground.shopifykloud.com
api.insights-sales.global.druid.shopifykloud.com
honeybee-staging.shopify-data-presto-global.shopifykloud.com
vpnify.streamify-216112.shopifykloud.com
shop-onboarding-milestone-prod.flink.shopifykloud.com
cm-druid-dev-us-east1-1-prod.dev.druid.shopifykloud.com
lightdash.staging.tools.k8s-exp.shopifykloud.com
airflow-airflow-flower-ingress-airflow-dev-us-central1-1.dev.airflow.shopifykloud.com
shs-tunnel.playground.shopifykloud.com
mt-failed-charges-production.flink.shopifykloud.com
api.staging.global.druid.shopifykloud.com
test-staging.flink.shopifykloud.com
staging-kafka-azkaban-web.data-acq-canada.shopifykloud.com
cm-druid-global-us-east1-2.global.druid.shopifykloud.com
prestonhydraulics.cesto.starscream.yarn.shopifykloud.com
customer-email-events-production.flink.shopifykloud.com
history-ext.yarn-adhoc.starscream-adhoc.yarn.shopifykloud.com
streaming-customer-sessions-staging.flink.shopifykloud.com
presto-staging-logging-plugin-presto-data-presto-us-central1-3.shopify-data-presto-global.shopifykloud.com
rai-server-magic.shopify-data-yap-experiment.shopifykloud.com
scratch-for-datachi-hive.shopifykloud.com
druid-general-druid-router-ingress-druid-dev-us-east1-1.dev.druid.shopifykloud.com
production.notebooks-canada.shopifykloud.com
presto-template.playground.shopifykloud.com
hive-metastore-shared.data-acq.shopifykloud.com
oozie-adhoc-oozie.yarn.shopifykloud.com
abandonment-pipeline-staging.flink.shopifykloud.com
presto-production-monorail-a-presto-data-presto-us-central1-3.shopify-data-presto-global.shopifykloud.com
presto-213.presto-qa.shopifykloud.com
conductor-stg-s.shopify-data-presto-global.shopifykloud.com
web.atlas.k8s-exp.shopifykloud.com
hue.magnesia-staging.shopifykloud.com
webhooks-demo-staging.flink.shopifykloud.com
rm2.yarn-adhoc.yarn.shopifykloud.com
flink-deploy-sample-flink-ui-ingress-data-flink-us-central1-2.flink.shopifykloud.com
presto-gateway-apac.shopify-data-presto-global.shopifykloud.com
presto-exp-load.shopify-data-presto-global.shopifykloud.com
amp-pos-now.flink.shopifykloud.com
perf-test.flink.shopifykloud.com
presto-gateway-production-rewrite-data-presto-us-central1-3.shopify-data-presto-global.shopifykloud.com
event-routing-subs-staging.flink.shopifykloud.com
presto-staging-seamster-presto-data-presto-us-central1-3.shopify-data-presto-global.shopifykloud.com
yarn-oauth-proxy-yarn-oauth-starscream-qa-us-central1-2.shopify-data-starscream-qa.shopifykloud.com
hew.starscream.starscream-adhoc-canada.yarn.shopifykloud.com
presto-cluster.presto-qa.shopifykloud.com
presto.presto-qa.shopifykloud.com
test-hive-zone.hive.shopifykloud.com
airflow-airflow-flower-ingress-airflow-na-ne1-1.canada.airflow.shopifykloud.com
ti-test.playground.shopifykloud.com
hue.adhoc.starscream-adhoc-canada.yarn.shopifykloud.com
hue-dataproc.starscream.starscream-adhoc.yarn.shopifykloud.com
hivetest.hive.shopifykloud.com
conductor.shopify-data-presto-global.shopifykloud.com
exp-caching-staging.shopify-data-presto-global.shopifykloud.com
hue4.yarn-production.starscream.yarn.shopifykloud.com
rm1.yarn-redirect.yarn.shopifykloud.com
presto-version-0-197.presto.shopifykloud.com
vpnify.starscream-adhoc-canada.yarn.shopifykloud.com
megan-test-tmp.shopify-data-presto-global.shopifykloud.com
vpnify.shopify-data-starscream-canada.shopifykloud.com
presto.data-acq-canada.shopifykloud.com
presto-mode-staging.shopify-data-presto-global.shopifykloud.com
hue-test.starscream.starscream-canada.yarn.shopifykloud.com
streaming-sales-model-slava-w.flink.shopifykloud.com
presto-gateway-old.shopify-data-presto-global.shopifykloud.com
api.druid-staging-us-east1-1.staging.druid.shopifykloud.com
alumina-staging.shopifykloud.com
streaming-sales-model-staging-sol-sept1.flink.shopifykloud.com
webui-rm2.yarn-oauthtest.yarn.shopifykloud.com
bruno-cluster-tmp.shopify-data-presto-global.shopifykloud.com
bfcm-globe-monorail-east.flink.shopifykloud.com
email-engagement-production.flink.shopifykloud.com
amp-support-stg.flink.shopifykloud.com
presto-conductor-production--vjjkban7-data-presto-us-central1-3.shopify-data-presto-global.shopifykloud.com
history.yarn-oauth.yarn.shopifykloud.com
airflow-airflow-webserver-ingress-airflow-dev-us-central1-1.dev.airflow.shopifykloud.com
bfcm-globe-monorail-central.flink.shopifykloud.com
vpnify.playground.shopifykloud.com
canada.vpnify.shopifykloud.com
presto-production-scheduled-b-presto-data-presto-us-central1-2.shopify-data-presto-global.shopifykloud.com
metadata-a.shopify-data-presto-global.shopifykloud.com
presto-testing-scheduled-b-presto-data-exp-us-central1-1.k8s-exp.shopifykloud.com
presto-conductor-avr5uesq-data-presto-northamerica-northeast1-3.shopify-data-presto-canada.shopifykloud.com
logs.magnesia-adhoc.shopifykloud.com
presto-production-scheduled-a-presto-data-presto-us-central1-3.shopify-data-presto-global.shopifykloud.com
saml-oauth.shopifykloud.com
presto-2.playground.yarn.shopifykloud.com
presto-gateway-production-rewrite-data-presto-us-central1-2.shopify-data-presto-global.shopifykloud.com
presto-production-adhoc-b-presto-data-presto-us-central1-3.shopify-data-presto-global.shopifykloud.com
hue-starscream-qa-hue-starscream-qa-us-central1-2.shopify-data-starscream-qa.shopifykloud.com
my-cluster-tmp.shopify-data-presto-global.shopifykloud.com
marketing-event-sales-staging-xyxave6m-data-flink-us-central1-2.flink.shopifykloud.com
hue.raw-kafka.playground.yarn.shopifykloud.com
streaming-sales-model-slava-bckfl.flink.shopifykloud.com
webui-rm2.yarn-chroot.yarn.shopifykloud.com
druid-general-druid-router-api-ingress-druid-global-us-east1-2.global.druid.shopifykloud.com
oozie.magnesia.shopifykloud.com
rai-server-statsd.shopify-data-yap-experiment.shopifykloud.com
oozie-dataproc.starscream.yarn.shopifykloud.com
api.org-sales-model.global.druid.shopifykloud.com
rai-server-metrics.shopify-data-yap-experiment.shopifykloud.com
usage-service-reporting-production.flink.shopifykloud.com
hue.raw-kafka.starscream-adhoc.yarn.shopifykloud.com
hive-metastore.shopify-data-magnesia-adhoc.shopifykloud.com
archiva.playground.shopifykloud.com
azkaban-test2-web.playground.shopifykloud.com
druid-druid-router-api-ingress-druid-dev-us-central1-1.dev.druid.shopifykloud.com
turnilo.general.global.druid.shopifykloud.com
andys-presto-cluster.presto.shopifykloud.com
nw-test-tmp.shopify-data-presto-global.shopifykloud.com
customer-events-backfill-staging.flink.shopifykloud.com
rai-server.starscream-adhoc.yarn.shopifykloud.com
presto-production-experiment-me3oqgah-data-presto-us-central1-3.shopify-data-presto-global.shopifykloud.com
azkaban-test-web.playground.yarn.shopifykloud.com
vpnify.shopify-data-apps.shopifykloud.com
presto-support-a.shopify-data-presto-global.shopifykloud.com
presto-production.shopify-data-presto-global.shopifykloud.com
alysha-cos-ver.playground.shopifykloud.com
azkaban-test-web.azkaban.shopifykloud.com
vpnify2.playground.shopifykloud.com
oozie.yarn-adhoc.starscream-adhoc.yarn.shopifykloud.com
presto-exper-b.shopify-data-presto-global.shopifykloud.com
presto.magnesia.shopifykloud.com
presto-staging-bruno-cluster-presto-data-presto-us-central1-3.shopify-data-presto-global.shopifykloud.com
druid-general-druid-router-ingress-druid-global-us-central1-2.global.druid.shopifykloud.com
streaming-sales-model-staging-sol-sept3.flink.shopifykloud.com
oozie-qa.playground.yarn.shopifykloud.com
streaming-sales-model-staging-hailmary.flink.shopifykloud.com
metastore-iceberg.shopify-data-starscream-qa.shopifykloud.com
test-up-2-azkaban-web.data-acq.shopifykloud.com
azk-test-web.playground.shopifykloud.com
customer-event-sessions-staging.flink.shopifykloud.com
starscream-qa.shopify-data-presto-global.shopifykloud.com
test-suite-tmp.shopify-data-presto-global.shopifykloud.com
fastapi.k8s-exp.shopifykloud.com
shopify-audience-gen-staging-yang.flink.shopifykloud.com
rm2.yarn-redirect.yarn.shopifykloud.com
alysha-test-upgrade.presto.shopifykloud.com
hue-starscream-qa-hue-starscream-qa-us-central1-1.shopify-data-starscream-qa.shopifykloud.com
test-presto-208.playground.shopifykloud.com
presto-conductor-staging.k8s-exp.shopifykloud.com
inventory-analytics-staging.flink.shopifykloud.com
test-up-azkaban-web.data-acq.shopifykloud.com
refinery-azkaban-web.azkaban.shopifykloud.com
oozie.yarn-qa.playground.yarn.shopifykloud.com
andy-test-presto.presto.shopifykloud.com
history-ext.starscream-qa.starscream-qa.yarn.shopifykloud.com
j-azk-test-web.playground.shopifykloud.com
hive-metastore.magnesia.shopifykloud.com
hue.alumina.shopifykloud.com
presto-production-starscream-a-presto-data-presto-us-central1-2.shopify-data-presto-global.shopifykloud.com
streaming-sales-model-staging-true.flink.shopifykloud.com
cname-test-cname.shopifykloud.com
oozie-starscream.playground.yarn.shopifykloud.com
streaming-sales-model-production.flink.shopifykloud.com
amplitude-staging-two.flink.shopifykloud.com
streaming-sales-model-staging-jc.flink.shopifykloud.com
druid-general-druid-router-api-ingress-druid-dev-us-east1-1.dev.druid.shopifykloud.com
hue.dataproc-test.playground.shopifykloud.com
airflow-airflow-flower-ingress-airflow-staging-us-central1-1.staging.airflow.shopifykloud.com
metabase-test.playground.yarn.shopifykloud.com
customer-events-staging-flink-7v4m3upi-data-flink-us-central1-2.flink.shopifykloud.com
presto.playground.yarn.shopifykloud.com
presto-test.presto-qa.shopifykloud.com
presto-conductor-staging-pre-j4t6lbo7-data-presto-us-central1-3.shopify-data-presto-global.shopifykloud.com
presto-staging-hpa-a.shopify-data-presto-global.shopifykloud.com
spark-history.spark-test.yarn.shopifykloud.com
presto-testing-scheduled-b.k8s-exp.shopifykloud.com
sam-hue.dataproc-test.playground.yarn.shopifykloud.com
presto-staging-exp-load-a.shopify-data-presto-global.shopifykloud.com
presto-production-scheduled-a-presto-data-presto-us-central1-2.shopify-data-presto-global.shopifykloud.com
presto-canada-ad-pz45xutr-data-presto-northamerica-northeast1-3.shopify-data-presto-canada.shopifykloud.com
cm-longboat-apps-us-central1-1.data-acq.shopifykloud.com
discovery-shopapp-images-staging.flink.shopifykloud.com
hue-i.starscream-qa.starscream-qa.yarn.shopifykloud.com
flink-deploy-sample-2.flink.shopifykloud.com
speedboat-azkaban-web.data-acq.shopifykloud.com
merchant-data-model-druid-r-vzq4nz4r-druid-global-us-central1-1.global.druid.shopifykloud.com
hue-derek.dataproc-test.playground.yarn.shopifykloud.com
azkaban-muto-web.playground.shopifykloud.com
ms-presto.presto-qa.shopifykloud.com
amp-developer-docs.flink.shopifykloud.com
web.staging.druid.shopifykloud.com
hue.starscream.starscream-canada.yarn.shopifykloud.com
bfcm-globe-cricket-stg-sim.flink.shopifykloud.com
hive-metastore.magnesia-adhoc.shopifykloud.com
ad-audience-test-flink-ui-ingress-data-flink-us-central1-2.flink.shopifykloud.com
presto.starscream.yarn.shopifykloud.com
oozie-oozie.starscream-qa.starscream-qa.yarn.shopifykloud.com
oauth-tunnel-yarn.starscream-qa.yarn.shopifykloud.com
reporting-test-coordinator.presto.shopifykloud.com
scratch-for-datachi.hive.shopifykloud.com
inbox-analytics-backfill-staging.flink.shopifykloud.com
spark-history.playground.yarn.shopifykloud.com
api.general.dev.druid.shopifykloud.com
presto-qa.presto-qa.shopifykloud.com
vpnify.starscream-canada.yarn.shopifykloud.com
healthchecktest.playground.shopifykloud.com
tableau.playground.shopifykloud.com
amp-pos-channel-stg.flink.shopifykloud.com
presto-conductor-staging-presto-zyorw77y-data-exp-us-central1-1.k8s-exp.shopifykloud.com
alan-test-presto.presto.shopifykloud.com
web.insights-sales.global.druid.shopifykloud.com
m-hue.dataproc-test.playground.yarn.shopifykloud.com
customer-event-sessions-stagi-bsyhv4ij-data-flink-us-central1-2.flink.shopifykloud.com
yarn-oauth.shopify-data-starscream-qa.shopifykloud.com
logs.magnesia.shopifykloud.com
yarn-oauth-proxy.data-acq.shopifykloud.com
presto-canada-ad-mkrdctma-data-presto-northamerica-northeast1-3.shopify-data-presto-canada.shopifykloud.com
hue.playground.yarn.shopifykloud.com
cm-airflow-dev-us-central1-1.dev.airflow.shopifykloud.com
test-metastore.data-acq.shopifykloud.com
streaming-sales-model-staging-klam-no-dc.flink.shopifykloud.com
customer-events-staging.flink.shopifykloud.com
conf-shs-j.playground.yarn.shopifykloud.com
alysha-test-replicate.presto.shopifykloud.com
presto-conductor-production--vp2qazd2-data-presto-us-central1-2.shopify-data-presto-global.shopifykloud.com
amp-metafields-stg.flink.shopifykloud.com
webui-rm1.yarn-oauth.yarn.shopifykloud.com
shs-starscream-qa-shs-starscream-qa-us-central1-2.shopify-data-starscream-qa.shopifykloud.com
presto-qa.starscream-qa.presto.shopifykloud.com
scratch-test.playground.shopifykloud.com
ad-audience-staging-flink-ui-ingress-data-flink-us-central1-2.flink.shopifykloud.com
web.druid-mdm-us-east1-1.mdm.druid.shopifykloud.com
druid-druid-router-ingress-druid-mdm-us-east1-1.mdm.druid.shopifykloud.com
presto-conductor-staging-v2--hnz6ojwy-data-presto-us-central1-3.shopify-data-presto-global.shopifykloud.com
history-ext.yarn-cluster.playground.yarn.shopifykloud.com
honeybee.k8s-exp.shopifykloud.com
presto.shopify-data-starscream-qa.shopifykloud.com
presto.shopify-data-magnesia-adhoc.shopifykloud.com
alysha-test-presto.playground.yarn.shopifykloud.com
console.magnesia.shopifykloud.com
presto-gateway-testing.k8s-exp.shopifykloud.com
cm-druid-dev-us-east4-1-prod.dev.druid.shopifykloud.com
more-obvious-dns-test-metastore-main.shopifykloud.com
cdp-orderaggs-experiment-1.flink.shopifykloud.com
test-presto-upgrade.presto.shopifykloud.com
cm-druid-mdm-us-central1-1.mdm.druid.shopifykloud.com
test-sink-migration.flink.shopifykloud.com
hue.starscream.starscream-adhoc-canada.yarn.shopifykloud.com
oozie.shopify-data-starscream-qa.shopifykloud.com
pepto-staging.shopify-data-presto-global.shopifykloud.com
bfcm-products-central-product-tllhgw5p-data-flink-us-central1-2.flink.shopifykloud.com
blake-cos.shopifykloud.com
cm-longboat-us-central1-1-prod.data-acq.shopifykloud.com
one-day-test-tmp.shopify-data-presto-global.shopifykloud.com
presto-gateway-old.shopify-data-presto-canada.shopifykloud.com
shopify-audience-gen-staging-unstable.flink.shopifykloud.com
airflow-airflow-webserver-ingress-airflow-staging-us-central1-1.staging.airflow.shopifykloud.com
presto-production-scheduled-b.shopify-data-presto-global.shopifykloud.com
trickle-v2-examples-test-staging.flink.shopifykloud.com
web.general.global.druid.shopifykloud.com
streaming-sales-model-slava-l.flink.shopifykloud.com
speedboat-presto.data-acq.shopifykloud.com
alan-azkaban-azkaban-web.azkaban.shopifykloud.com
presto-exper-a.shopify-data-presto-global.shopifykloud.com
john-presto.playground.shopifykloud.com
andytest2-coordinator.presto.shopifykloud.com
streaming-sales-model-backfill-json2.flink.shopifykloud.com
presto-gateway-testing-test.k8s-exp.shopifykloud.com
cm-longboat-us-central1-1.data-acq.shopifykloud.com
joshm-cluster-tmp.shopify-data-presto-global.shopifykloud.com
web.staging.airflow.shopifykloud.com
presto.shopify-data-presto-global.shopifykloud.com
flower.staging.airflow.shopifykloud.com
test-nick-presto.playground.shopifykloud.com
identity-graph-matrix-staging.flink.shopifykloud.com
druid-general-druid-router-api-ingress-druid-dev-us-central1-1.dev.druid.shopifykloud.com
test-presto-203.presto.shopifykloud.com
presto-lb-test.shopifykloud.com
submarine-production-web-longboat-us-central1-2.data-acq.shopifykloud.com
shopify-audience-gen-staging-iurie.flink.shopifykloud.com
webui-rm1.yarn-adhoc.yarn.shopifykloud.com
vpnify.starscream-pii.yarn.shopifykloud.com
oozie.yarn-production.starscream.yarn.shopifykloud.com
web.org-sales-model.global.druid.shopifykloud.com
presto-gateway-apac-prod-7qmoteea-data-presto-asia-southeast1-1.shopify-data-presto-global.shopifykloud.com
presto-production-metadata-a-presto-data-presto-us-central1-3.shopify-data-presto-global.shopifykloud.com
production.starscream-adhoc.yarn.shopifykloud.com
presto-cluster-test.data-acq.shopifykloud.com
vpnify.shopifykloud.com
dls-test.datagrip-license-server.playground.shopifykloud.com
cm-airflow-na-ne1-1.canada.airflow.shopifykloud.com
presto-configurator.presto.shopifykloud.com
rm1.yarn-adhoc.yarn.shopifykloud.com
presto-lb.shopifykloud.com
pano-on-trino-tmp.shopify-data-presto-global.shopifykloud.com
submarine-staging.data-acq.shopifykloud.com
presto-adhoc-a.shopify-data-presto-global.shopifykloud.com
web.canada.airflow.shopifykloud.com
oozie-dataproc.starscream-adhoc.yarn.shopifykloud.com
cm-druid-dev-us-central1-1.dev.druid.shopifykloud.com
cm-druid-mdm-us-east4-1-prod.mdm.druid.shopifykloud.com
shs1.playground.yarn.shopifykloud.com
magnesia-staging.shopifykloud.com
bfcm-globe-cricket-central.flink.shopifykloud.com
presto-production-support-b.shopify-data-presto-global.shopifykloud.com
hue-debug.yarn-production.starscream.yarn.shopifykloud.com
presto-gateway-chet-testing.k8s-exp.shopifykloud.com
presto-production-exper-a.shopify-data-presto-global.shopifykloud.com
presto-testing-scheduled-a-presto-data-exp-us-central1-1.k8s-exp.shopifykloud.com
scratch-metastore.data-acq-canada.shopifykloud.com
scratch-metastore-shared.data-acq.shopifykloud.com
web.druid-staging-us-east1-1.staging.druid.shopifykloud.com
oozie.starscream-canada.yarn.shopifykloud.com
presto-cname-test.playground.shopifykloud.com
presto-support-b.shopify-data-presto-global.shopifykloud.com
amplitude-staging.flink.shopifykloud.com
airflow-airflow-webserver-ingress-airflow-na-ne1-1.canada.airflow.shopifykloud.com
web.staging.arma.k8s-exp.shopifykloud.com
druid-general-druid-router--oxtu23mu-druid-global-us-central1-2.global.druid.shopifykloud.com
test-presto-upgrade.playground.shopifykloud.com
presto.magnesia-adhoc.shopifykloud.com
presto-for-datachi-coordinator.presto.shopifykloud.com
presto-configurator-1.presto.shopifykloud.com
cm-druid-global-us-central1-2-prod.global.druid.shopifykloud.com
presto-conductor-w7hfrc3y-data-presto-northamerica-northeast1-3.shopify-data-presto-canada.shopifykloud.com
growth-conversion-signals-staging.flink.shopifykloud.com
oozie.yarn-test.playground.yarn.shopifykloud.com
presto-production-starscream-b-presto-data-presto-us-central1-2.shopify-data-presto-global.shopifykloud.com
test-presto-204.playground.shopifykloud.com
metadata-staging.shopify-data-presto-global.shopifykloud.com
event-routing-service-staging.flink.shopifykloud.com
webui-rm1.yarn-chroot.yarn.shopifykloud.com
john-presto.presto-qa.shopifykloud.com
alan-test-oozie-oozie.yarn.shopifykloud.com
john-c.debug.playground.shopifykloud.com
turnilo.general.dev.druid.shopifykloud.com
log-oauth.magnesia.shopifykloud.com
streaming-sales-model-staging-one.flink.shopifykloud.com
moh.flink.shopifykloud.com
oozie.test-yarn-jm-dm.playground.yarn.shopifykloud.com
airflow-airflow-flower-ingress-airflow-global-us-central1-1.global.airflow.shopifykloud.com
presto-test-chet.k8s-exp.shopifykloud.com
druid-druid-router-ingress-druid-dev-us-central1-1.dev.druid.shopifykloud.com
kafka-azkaban-web.data-acq-canada.shopifykloud.com
hive-for-datachi.hive.shopifykloud.com
presto-cname.shopifykloud.com
history-ext.yarn-test.playground.yarn.shopifykloud.com
oozie-2.starscream-qa.yarn.shopifykloud.com
presto-control.presto-qa.shopifykloud.com
oozie.starscream-adhoc-canada.yarn.shopifykloud.com
presto-scheduled-a.shopify-data-presto-global.shopifykloud.com
flower.global.airflow.shopifykloud.com
cm-airflow-global-us-central1-1.global.airflow.shopifykloud.com
presto-jmx-test.playground.shopifykloud.com
presto-staging-exp-load-a-presto-data-presto-us-central1-3.shopify-data-presto-global.shopifykloud.com
cdp-orderaggs-experiment-4.flink.shopifykloud.com
presto-production-starscream-b.shopify-data-presto-global.shopifykloud.com
session-attribution-staging.flink.shopifykloud.com
amp-developer-docs-stg.flink.shopifykloud.com
jupyterhub-jupyterhub-data-notebooks-production.notebooks.shopifykloud.com
presto-testing-adhoc-b-presto-data-exp-us-central1-1.k8s-exp.shopifykloud.com
presto-conductor-staging-server.k8s-exp.shopifykloud.com
presto-test-coordinator.presto.shopifykloud.com
trickle-v2-examples-klam.flink.shopifykloud.com
hue-test.yarn-production.starscream.yarn.shopifykloud.com
presto-timeout-test.presto.shopifykloud.com
oozie.yarn-le.playground.yarn.shopifykloud.com
honeybee-honeybee-ingress-data-presto-us-central1-2.shopify-data-presto-global.shopifykloud.com
shopify-data-presto-qa.shopifykloud.com
hue.magnesia-adhoc.shopifykloud.com
hive-canada-metastore.hive.shopifykloud.com
vpnify-test.playground.shopifykloud.com
presto-meastro-testing.k8s-exp.shopifykloud.com
metadata-catalog.shopify-data-presto-global.shopifykloud.com
presto.starscream-adhoc.yarn.shopifykloud.com
amp-app-store-stg.flink.shopifykloud.com
test-speedboat-azkaban-web.data-acq.shopifykloud.com
scripts-pipeline-staging.flink.shopifykloud.com
vpnify.presto-canada.presto.shopifykloud.com
hive-metastore.data-acq-canada.shopifykloud.com
streaming-sales-model-staging-soak-test.flink.shopifykloud.com
presto.presto-perf-exp.presto.shopifykloud.com
presto-exp-load-a.shopify-data-presto-global.shopifykloud.com
speedboat-yarn-oauth-proxy.data-acq.shopifykloud.com
test-nick-presto.presto.shopifykloud.com
presto-hpa-a.shopify-data-presto-global.shopifykloud.com
test.datagrip-license-server.playground.shopifykloud.com
caching-alt-staging.shopify-data-presto-global.shopifykloud.com
presto-no-position.presto.shopifykloud.com
capital-algo-streaming.flink.shopifykloud.com
affiliate-signal-trickle-staging.flink.shopifykloud.com
alysha-test-presto.playground.shopifykloud.com
presto-production-support-a.shopify-data-presto-global.shopifykloud.com
bfcm-globe-sim-east.flink.shopifykloud.com
vpnify-test.starscream-adhoc.yarn.shopifykloud.com
streaming-sales-model-slava-x.flink.shopifykloud.com
web.druid-global-us-east1-2.global.druid.shopifykloud.com
streaming-sales-model-staging-kafkav.flink.shopifykloud.com
staging.notebooks.shopifykloud.com
cm-airflow-dev-us-central1-1-prod.dev.airflow.shopifykloud.com
amp-app-store.flink.shopifykloud.com
hive-s-test-hive.shopifykloud.com
m-hue.yarn-adhoc.starscream-adhoc.yarn.shopifykloud.com
presto-hpa-staging.shopify-data-presto-global.shopifykloud.com
hive.playground.shopifykloud.com
spark-history.yarn-production.starscream.yarn.shopifykloud.com
amp-support.flink.shopifykloud.com
history-ext.yarn-production.playground.yarn.shopifykloud.com
rai-server.shopify-data-yap-experiment.shopifykloud.com
honeybee-honeybee-ingress-data-presto-us-central1-3.shopify-data-presto-global.shopifykloud.com
hue-qa.yarn-qa.playground.yarn.shopifykloud.com
refinery-presto-shared.data-acq.shopifykloud.com
rm1.mbruce.yarn.shopifykloud.com
rai-le.shopify-data-yap-experiment.shopifykloud.com
presto-version-update.presto.shopifykloud.com
shs-test.starscream-adhoc.yarn.shopifykloud.com
submarine-staging-web-longboat-us-central1-2.data-acq.shopifykloud.com
presto-gateway.shopify-data-presto-global.shopifykloud.com
oozie-dataproc.yarn-production.starscream.yarn.shopifykloud.com
hue-s.dataproc-test.playground.yarn.shopifykloud.com
rai-server-noam.shopify-data-yap-experiment.shopifykloud.com
history.magnesia.shopifykloud.com
presto-196.playground.shopifykloud.com
hue.longboat.starscream-adhoc.yarn.shopifykloud.com
streaming-sales-model-staging-kevin.flink.shopifykloud.com
for-blake-coordinator.presto.shopifykloud.com
history.magnesia-adhoc.shopifykloud.com
hue.alumina-staging.shopifykloud.com
bfcm-globe-monorail-central-f-72bfvvco-data-flink-us-central1-2.flink.shopifykloud.com
email-engagement-staging.flink.shopifykloud.com
vpnify.starscream.yarn.shopifykloud.com
amp-pos-next.flink.shopifykloud.com
test-web.data-acq.shopifykloud.com
webui-rm1.yarn-oauthtest.yarn.shopifykloud.com
test-presto-204.presto.shopifykloud.com
api.druid-mdm-us-east1-1.mdm.druid.shopifykloud.com
presto-production-starscream-a.shopify-data-presto-global.shopifykloud.com
shs-test.playground.yarn.shopifykloud.com
temp-hive-1-metastore-main.shopifykloud.com
hive-metastore-main.shopifykloud.com
logs.alumina.shopifykloud.com
cdp-orderaggs-experiment-3.flink.shopifykloud.com
presto-hpa-b.shopify-data-presto-global.shopifykloud.com
read-cdc.flink.shopifykloud.com
cm-druid-mdm-us-east1-1-prod.mdm.druid.shopifykloud.com
druid-druid-router-ingress-data-exp-us-central1-1.k8s-exp.shopifykloud.com
presto-kb.shopify-data-presto-global.shopifykloud.com
presto-oauth-test.shopify-data-presto-global.shopifykloud.com
presto-staging-pepto-staging-presto-data-presto-us-central1-3.shopify-data-presto-global.shopifykloud.com
oozie.starscream-qa.yarn.shopifykloud.com
web.global.airflow.shopifykloud.com
seamster-b.shopify-data-presto-global.shopifykloud.com
vpnify.presto-qa.shopifykloud.com
history-ext.yarn-production.starscream.yarn.shopifykloud.com
bfcm-globe-trickle-cricket-staging.flink.shopifykloud.com
hue.alumina-production.starscream-adhoc.yarn.shopifykloud.com
presto-no-binlog.presto.shopifykloud.com
presto-gateway.shopify-data-presto-canada.shopifykloud.com
kernel-keepalive.presto.shopifykloud.com
test-cluster-tmp.shopify-data-presto-global.shopifykloud.com
presto-staging-pano-presto-data-presto-us-central1-3.shopify-data-presto-global.shopifykloud.com
presto-production-experiment-yw5plzjg-data-presto-us-central1-3.shopify-data-presto-global.shopifykloud.com
core-engage-forms-central-stg.flink.shopifykloud.com
test-presto-jmx.playground.shopifykloud.com
hue-derek2.dataproc-test.playground.yarn.shopifykloud.com
mt-failed-charges-staging.flink.shopifykloud.com
bfcm-globe-sim-central.flink.shopifykloud.com
presto-production-support-b-presto-data-presto-us-central1-3.shopify-data-presto-global.shopifykloud.com
honeybee-honeybee-ingress-data-exp-us-central1-1.k8s-exp.shopifykloud.com
hue-dataproc.starscream.starscream.yarn.shopifykloud.com
presto-219.presto-qa.shopifykloud.com
presto-qa-214.presto-qa.shopifykloud.com
refinery-azkaban-web.data-acq.shopifykloud.com
cm-druid-global-us-east1-2-prod.global.druid.shopifykloud.com
api.mdm.global.druid.shopifykloud.com
api.general.global.druid.shopifykloud.com
amp-shop-stg.flink.shopifykloud.com
google-analytics-staging.flink.shopifykloud.com
kafka-azkaban-web.data-acq.shopifykloud.com
presto-exp-load-b.shopify-data-presto-global.shopifykloud.com
streaming-sales-model-staging-klam.flink.shopifykloud.com
cm-druid-staging-us-east4-1-prod.staging.druid.shopifykloud.com
presto-production-starscream-b-presto-data-presto-us-central1-3.shopify-data-presto-global.shopifykloud.com
presto-production-adhoc-a-presto-data-presto-us-central1-3.shopify-data-presto-global.shopifykloud.com
presto-conductor-staging-pre-7auurksa-data-presto-us-central1-3.shopify-data-presto-global.shopifykloud.com
spark-history.yarn-adhoc.starscream-adhoc.yarn.shopifykloud.com
monorail-b.shopify-data-presto-global.shopifykloud.com
bfcm-globe-cricket-east.flink.shopifykloud.com
druid-general-druid-router-ingress-druid-global-us-east1-2.global.druid.shopifykloud.com
presto-test-cluster-kb.shopify-data-presto-global.shopifykloud.com
email-engagement-v2-staging.flink.shopifykloud.com
presto-production-monorail-b-presto-data-presto-us-central1-3.shopify-data-presto-global.shopifykloud.com
presto-test-210.playground.shopifykloud.com
marketing-event-sales-staging.flink.shopifykloud.com
shs-qa.playground.yarn.shopifykloud.com
presto.shopify-data-magnesia.shopifykloud.com
druid.k8s-exp.shopifykloud.com
streaming-sales-model-staging-klam-jmap.flink.shopifykloud.com
shopify-audience-gen-test.flink.shopifykloud.com
sam-hue-test.yarn-test.playground.yarn.shopifykloud.com
presto-adhoc.shopify-data-magnesia-adhoc.shopifykloud.com
flink-deploy-sample.flink.shopifykloud.com
presto-staging-mode-staging-presto-data-presto-us-central1-3.shopify-data-presto-global.shopifykloud.com
hive-auth-test-hive.shopifykloud.com
canada-user.shopify-data-cloud-infra.shopifykloud.com
presto-staging-exp-load-b-presto-data-presto-us-central1-3.shopify-data-presto-global.shopifykloud.com
streaming-personalization-staging.flink.shopifykloud.com
amp-inbox.flink.shopifykloud.com
hue.shopify-data-landfill.playground.yarn.shopifykloud.com
vpnifi.playground.yarn.shopifykloud.com
presto-staging-exp-load-b.shopify-data-presto-global.shopifykloud.com
monorail-a.shopify-data-presto-global.shopifykloud.com
shs-production.starscream.yarn.shopifykloud.com
test-presto-202.presto.shopifykloud.com
jmx-stats-test.presto.shopifykloud.com
streaming-sales-model-prod-hailmary.flink.shopifykloud.com
inventory-analytics-staging-f-edvogkpv-data-flink-us-central1-2.flink.shopifykloud.com
hive-canada-metastore.data-acq-canada.shopifykloud.com
john-dd-test.hive.shopifykloud.com

Job finished in 11 seconds.

Good luck Hax0r 💀!

